{"/Users/ebcperez/Desktop/hbproject/api/server.js":{"path":"/Users/ebcperez/Desktop/hbproject/api/server.js","s":{"1":1,"2":1,"3":1,"4":1,"5":1,"6":1,"7":1,"8":1,"9":1,"10":1,"11":1,"12":1,"13":1,"14":1,"15":1,"16":1,"17":1,"18":1},"b":{"1":[1,1]},"f":{},"fnMap":{},"statementMap":{"1":{"start":{"line":1,"column":0},"end":{"line":1,"column":35}},"2":{"start":{"line":2,"column":0},"end":{"line":2,"column":42}},"3":{"start":{"line":3,"column":0},"end":{"line":3,"column":37}},"4":{"start":{"line":5,"column":0},"end":{"line":5,"column":22}},"5":{"start":{"line":6,"column":0},"end":{"line":6,"column":38}},"6":{"start":{"line":9,"column":0},"end":{"line":9,"column":27}},"7":{"start":{"line":10,"column":0},"end":{"line":10,"column":52}},"8":{"start":{"line":11,"column":0},"end":{"line":11,"column":31}},"9":{"start":{"line":14,"column":0},"end":{"line":14,"column":39}},"10":{"start":{"line":17,"column":0},"end":{"line":17,"column":38}},"11":{"start":{"line":18,"column":0},"end":{"line":18,"column":38}},"12":{"start":{"line":19,"column":0},"end":{"line":19,"column":44}},"13":{"start":{"line":20,"column":0},"end":{"line":20,"column":22}},"14":{"start":{"line":21,"column":0},"end":{"line":21,"column":27}},"15":{"start":{"line":22,"column":0},"end":{"line":22,"column":33}},"16":{"start":{"line":24,"column":0},"end":{"line":24,"column":71}},"17":{"start":{"line":24,"column":23},"end":{"line":24,"column":69}},"18":{"start":{"line":26,"column":0},"end":{"line":26,"column":21}}},"branchMap":{"1":{"line":6,"type":"binary-expr","locations":[{"start":{"line":6,"column":13},"end":{"line":6,"column":29}},{"start":{"line":6,"column":33},"end":{"line":6,"column":37}}]}}},"/Users/ebcperez/Desktop/hbproject/api/config/passport.js":{"path":"/Users/ebcperez/Desktop/hbproject/api/config/passport.js","s":{"1":1,"2":1,"3":1,"4":1,"5":1,"6":1,"7":1,"8":1,"9":1,"10":13,"11":13,"12":13,"13":0,"14":0},"b":{"1":[13,0]},"f":{},"fnMap":{},"statementMap":{"1":{"start":{"line":1,"column":0},"end":{"line":1,"column":53}},"2":{"start":{"line":2,"column":0},"end":{"line":2,"column":54}},"3":{"start":{"line":3,"column":0},"end":{"line":3,"column":39}},"4":{"start":{"line":4,"column":0},"end":{"line":4,"column":41}},"5":{"start":{"line":6,"column":0},"end":{"line":6,"column":16}},"6":{"start":{"line":7,"column":0},"end":{"line":7,"column":63}},"7":{"start":{"line":8,"column":0},"end":{"line":8,"column":36}},"8":{"start":{"line":10,"column":0},"end":{"line":23,"column":2}},"9":{"start":{"line":11,"column":2},"end":{"line":22,"column":4}},"10":{"start":{"line":13,"column":6},"end":{"line":20,"column":40}},"11":{"start":{"line":15,"column":10},"end":{"line":17,"column":11}},"12":{"start":{"line":16,"column":12},"end":{"line":16,"column":36}},"13":{"start":{"line":18,"column":10},"end":{"line":18,"column":35}},"14":{"start":{"line":20,"column":22},"end":{"line":20,"column":38}}},"branchMap":{"1":{"line":15,"type":"if","locations":[{"start":{"line":15,"column":10},"end":{"line":15,"column":10}},{"start":{"line":15,"column":10},"end":{"line":15,"column":10}}]}}},"/Users/ebcperez/Desktop/hbproject/api/config/keys.js":{"path":"/Users/ebcperez/Desktop/hbproject/api/config/keys.js","s":{"1":1},"b":{},"f":{},"fnMap":{},"statementMap":{"1":{"start":{"line":1,"column":0},"end":{"line":6,"column":2}}},"branchMap":{}},"/Users/ebcperez/Desktop/hbproject/api/sequelize.js":{"path":"/Users/ebcperez/Desktop/hbproject/api/sequelize.js","s":{"1":1,"2":1,"3":1,"4":1,"5":1,"6":1,"7":1,"8":1,"9":1,"10":1,"11":1},"b":{},"f":{},"fnMap":{},"statementMap":{"1":{"start":{"line":1,"column":0},"end":{"line":1,"column":39}},"2":{"start":{"line":3,"column":0},"end":{"line":3,"column":43}},"3":{"start":{"line":4,"column":0},"end":{"line":4,"column":49}},"4":{"start":{"line":5,"column":0},"end":{"line":5,"column":38}},"5":{"start":{"line":7,"column":0},"end":{"line":17,"column":3}},"6":{"start":{"line":20,"column":0},"end":{"line":20,"column":45}},"7":{"start":{"line":21,"column":0},"end":{"line":21,"column":51}},"8":{"start":{"line":23,"column":0},"end":{"line":23,"column":24}},"9":{"start":{"line":25,"column":0},"end":{"line":27,"column":3}},"10":{"start":{"line":26,"column":2},"end":{"line":26,"column":44}},"11":{"start":{"line":29,"column":0},"end":{"line":33,"column":2}}},"branchMap":{}},"/Users/ebcperez/Desktop/hbproject/api/models/User.js":{"path":"/Users/ebcperez/Desktop/hbproject/api/models/User.js","s":{"1":1,"2":1},"b":{},"f":{},"fnMap":{},"statementMap":{"1":{"start":{"line":1,"column":0},"end":{"line":16,"column":2}},"2":{"start":{"line":2,"column":2},"end":{"line":15,"column":5}}},"branchMap":{}},"/Users/ebcperez/Desktop/hbproject/api/models/Website.js":{"path":"/Users/ebcperez/Desktop/hbproject/api/models/Website.js","s":{"1":1,"2":1},"b":{},"f":{},"fnMap":{},"statementMap":{"1":{"start":{"line":1,"column":0},"end":{"line":21,"column":2}},"2":{"start":{"line":2,"column":2},"end":{"line":20,"column":5}}},"branchMap":{}},"/Users/ebcperez/Desktop/hbproject/api/routes/data.js":{"path":"/Users/ebcperez/Desktop/hbproject/api/routes/data.js","s":{"1":1,"2":1,"3":1,"4":1,"5":1,"6":1,"7":1,"8":4,"9":1,"10":1,"11":3,"12":1,"13":2,"14":1,"15":1,"16":1},"b":{"1":[1,3],"2":[4,1],"3":[1,1]},"f":{},"fnMap":{},"statementMap":{"1":{"start":{"line":1,"column":0},"end":{"line":1,"column":35}},"2":{"start":{"line":2,"column":0},"end":{"line":2,"column":32}},"3":{"start":{"line":3,"column":0},"end":{"line":3,"column":37}},"4":{"start":{"line":5,"column":0},"end":{"line":5,"column":14}},"5":{"start":{"line":7,"column":0},"end":{"line":11,"column":3}},"6":{"start":{"line":8,"column":2},"end":{"line":10,"column":5}},"7":{"start":{"line":13,"column":0},"end":{"line":24,"column":2}},"8":{"start":{"line":17,"column":4},"end":{"line":22,"column":5}},"9":{"start":{"line":18,"column":6},"end":{"line":18,"column":34}},"10":{"start":{"line":19,"column":6},"end":{"line":19,"column":33}},"11":{"start":{"line":21,"column":6},"end":{"line":21,"column":56}},"12":{"start":{"line":26,"column":0},"end":{"line":36,"column":2}},"13":{"start":{"line":30,"column":4},"end":{"line":34,"column":5}},"14":{"start":{"line":31,"column":6},"end":{"line":31,"column":33}},"15":{"start":{"line":33,"column":6},"end":{"line":33,"column":56}},"16":{"start":{"line":38,"column":0},"end":{"line":38,"column":24}}},"branchMap":{"1":{"line":17,"type":"if","locations":[{"start":{"line":17,"column":4},"end":{"line":17,"column":4}},{"start":{"line":17,"column":4},"end":{"line":17,"column":4}}]},"2":{"line":17,"type":"binary-expr","locations":[{"start":{"line":17,"column":8},"end":{"line":17,"column":41}},{"start":{"line":17,"column":45},"end":{"line":17,"column":69}}]},"3":{"line":30,"type":"if","locations":[{"start":{"line":30,"column":4},"end":{"line":30,"column":4}},{"start":{"line":30,"column":4},"end":{"line":30,"column":4}}]}}},"/Users/ebcperez/Desktop/hbproject/api/routes/user.js":{"path":"/Users/ebcperez/Desktop/hbproject/api/routes/user.js","s":{"1":1,"2":1,"3":1,"4":1,"5":1,"6":1,"7":1,"8":1,"9":1,"10":1,"11":5,"12":5,"13":2,"14":3,"15":3,"16":3,"17":3,"18":0,"19":3,"20":3,"21":3,"22":1,"23":1,"24":2,"25":1,"26":6,"27":6,"28":1,"29":5,"30":5,"31":5,"32":5,"33":1,"34":1,"35":4,"36":4,"37":3,"38":3,"39":3,"40":1,"41":1,"42":0,"43":0,"44":1,"45":1,"46":1},"b":{"1":[2,3],"2":[0,3],"3":[1,2],"4":[1,5],"5":[1,4],"6":[3,1]},"f":{},"fnMap":{},"statementMap":{"1":{"start":{"line":1,"column":0},"end":{"line":1,"column":35}},"2":{"start":{"line":2,"column":0},"end":{"line":2,"column":32}},"3":{"start":{"line":3,"column":0},"end":{"line":3,"column":35}},"4":{"start":{"line":4,"column":0},"end":{"line":4,"column":36}},"5":{"start":{"line":5,"column":0},"end":{"line":5,"column":37}},"6":{"start":{"line":7,"column":0},"end":{"line":7,"column":41}},"7":{"start":{"line":8,"column":0},"end":{"line":8,"column":39}},"8":{"start":{"line":11,"column":0},"end":{"line":11,"column":64}},"9":{"start":{"line":12,"column":0},"end":{"line":12,"column":58}},"10":{"start":{"line":15,"column":0},"end":{"line":44,"column":3}},"11":{"start":{"line":16,"column":2},"end":{"line":16,"column":62}},"12":{"start":{"line":18,"column":2},"end":{"line":20,"column":3}},"13":{"start":{"line":19,"column":4},"end":{"line":19,"column":40}},"14":{"start":{"line":22,"column":2},"end":{"line":25,"column":4}},"15":{"start":{"line":27,"column":2},"end":{"line":32,"column":5}},"16":{"start":{"line":28,"column":4},"end":{"line":31,"column":7}},"17":{"start":{"line":29,"column":6},"end":{"line":29,"column":25}},"18":{"start":{"line":29,"column":15},"end":{"line":29,"column":25}},"19":{"start":{"line":30,"column":6},"end":{"line":30,"column":30}},"20":{"start":{"line":33,"column":2},"end":{"line":43,"column":5}},"21":{"start":{"line":37,"column":4},"end":{"line":42,"column":5}},"22":{"start":{"line":38,"column":6},"end":{"line":38,"column":45}},"23":{"start":{"line":39,"column":6},"end":{"line":39,"column":42}},"24":{"start":{"line":41,"column":6},"end":{"line":41,"column":40}},"25":{"start":{"line":47,"column":0},"end":{"line":94,"column":3}},"26":{"start":{"line":48,"column":2},"end":{"line":48,"column":59}},"27":{"start":{"line":50,"column":2},"end":{"line":52,"column":3}},"28":{"start":{"line":51,"column":4},"end":{"line":51,"column":40}},"29":{"start":{"line":54,"column":2},"end":{"line":54,"column":31}},"30":{"start":{"line":56,"column":2},"end":{"line":56,"column":37}},"31":{"start":{"line":59,"column":2},"end":{"line":93,"column":45}},"32":{"start":{"line":61,"column":6},"end":{"line":64,"column":7}},"33":{"start":{"line":62,"column":8},"end":{"line":62,"column":41}},"34":{"start":{"line":63,"column":8},"end":{"line":63,"column":44}},"35":{"start":{"line":66,"column":6},"end":{"line":91,"column":49}},"36":{"start":{"line":69,"column":10},"end":{"line":89,"column":11}},"37":{"start":{"line":71,"column":12},"end":{"line":73,"column":14}},"38":{"start":{"line":75,"column":12},"end":{"line":85,"column":14}},"39":{"start":{"line":80,"column":16},"end":{"line":83,"column":19}},"40":{"start":{"line":87,"column":12},"end":{"line":87,"column":52}},"41":{"start":{"line":88,"column":12},"end":{"line":88,"column":48}},"42":{"start":{"line":91,"column":22},"end":{"line":91,"column":47}},"43":{"start":{"line":93,"column":18},"end":{"line":93,"column":43}},"44":{"start":{"line":97,"column":0},"end":{"line":104,"column":2}},"45":{"start":{"line":102,"column":4},"end":{"line":102,"column":42}},"46":{"start":{"line":115,"column":0},"end":{"line":115,"column":24}}},"branchMap":{"1":{"line":18,"type":"if","locations":[{"start":{"line":18,"column":2},"end":{"line":18,"column":2}},{"start":{"line":18,"column":2},"end":{"line":18,"column":2}}]},"2":{"line":29,"type":"if","locations":[{"start":{"line":29,"column":6},"end":{"line":29,"column":6}},{"start":{"line":29,"column":6},"end":{"line":29,"column":6}}]},"3":{"line":37,"type":"if","locations":[{"start":{"line":37,"column":4},"end":{"line":37,"column":4}},{"start":{"line":37,"column":4},"end":{"line":37,"column":4}}]},"4":{"line":50,"type":"if","locations":[{"start":{"line":50,"column":2},"end":{"line":50,"column":2}},{"start":{"line":50,"column":2},"end":{"line":50,"column":2}}]},"5":{"line":61,"type":"if","locations":[{"start":{"line":61,"column":6},"end":{"line":61,"column":6}},{"start":{"line":61,"column":6},"end":{"line":61,"column":6}}]},"6":{"line":69,"type":"if","locations":[{"start":{"line":69,"column":10},"end":{"line":69,"column":10}},{"start":{"line":69,"column":10},"end":{"line":69,"column":10}}]}}},"/Users/ebcperez/Desktop/hbproject/api/validation/register.js":{"path":"/Users/ebcperez/Desktop/hbproject/api/validation/register.js","s":{"1":1,"2":1,"3":1,"4":5,"5":5,"6":5,"7":5,"8":5,"9":1,"10":5,"11":1,"12":5,"13":1,"14":5,"15":1,"16":5,"17":1,"18":5},"b":{"1":[4,1],"2":[4,1],"3":[4,1],"4":[1,4],"5":[1,4],"6":[1,4],"7":[1,4],"8":[1,4]},"f":{"1":5},"fnMap":{"1":{"name":"validateRegisterInput","line":4,"loc":{"start":{"line":4,"column":17},"end":{"line":4,"column":54}}}},"statementMap":{"1":{"start":{"line":1,"column":0},"end":{"line":1,"column":39}},"2":{"start":{"line":2,"column":0},"end":{"line":2,"column":46}},"3":{"start":{"line":4,"column":0},"end":{"line":35,"column":2}},"4":{"start":{"line":5,"column":2},"end":{"line":5,"column":18}},"5":{"start":{"line":7,"column":2},"end":{"line":7,"column":54}},"6":{"start":{"line":8,"column":2},"end":{"line":8,"column":63}},"7":{"start":{"line":9,"column":2},"end":{"line":9,"column":66}},"8":{"start":{"line":11,"column":2},"end":{"line":13,"column":3}},"9":{"start":{"line":12,"column":4},"end":{"line":12,"column":40}},"10":{"start":{"line":15,"column":2},"end":{"line":17,"column":3}},"11":{"start":{"line":16,"column":4},"end":{"line":16,"column":39}},"12":{"start":{"line":19,"column":2},"end":{"line":21,"column":3}},"13":{"start":{"line":20,"column":4},"end":{"line":20,"column":70}},"14":{"start":{"line":23,"column":2},"end":{"line":25,"column":3}},"15":{"start":{"line":24,"column":4},"end":{"line":24,"column":55}},"16":{"start":{"line":27,"column":2},"end":{"line":29,"column":3}},"17":{"start":{"line":28,"column":4},"end":{"line":28,"column":47}},"18":{"start":{"line":31,"column":2},"end":{"line":34,"column":4}}},"branchMap":{"1":{"line":7,"type":"cond-expr","locations":[{"start":{"line":7,"column":38},"end":{"line":7,"column":48}},{"start":{"line":7,"column":51},"end":{"line":7,"column":53}}]},"2":{"line":8,"type":"cond-expr","locations":[{"start":{"line":8,"column":44},"end":{"line":8,"column":57}},{"start":{"line":8,"column":60},"end":{"line":8,"column":62}}]},"3":{"line":9,"type":"cond-expr","locations":[{"start":{"line":9,"column":46},"end":{"line":9,"column":60}},{"start":{"line":9,"column":63},"end":{"line":9,"column":65}}]},"4":{"line":11,"type":"if","locations":[{"start":{"line":11,"column":2},"end":{"line":11,"column":2}},{"start":{"line":11,"column":2},"end":{"line":11,"column":2}}]},"5":{"line":15,"type":"if","locations":[{"start":{"line":15,"column":2},"end":{"line":15,"column":2}},{"start":{"line":15,"column":2},"end":{"line":15,"column":2}}]},"6":{"line":19,"type":"if","locations":[{"start":{"line":19,"column":2},"end":{"line":19,"column":2}},{"start":{"line":19,"column":2},"end":{"line":19,"column":2}}]},"7":{"line":23,"type":"if","locations":[{"start":{"line":23,"column":2},"end":{"line":23,"column":2}},{"start":{"line":23,"column":2},"end":{"line":23,"column":2}}]},"8":{"line":27,"type":"if","locations":[{"start":{"line":27,"column":2},"end":{"line":27,"column":2}},{"start":{"line":27,"column":2},"end":{"line":27,"column":2}}]}}},"/Users/ebcperez/Desktop/hbproject/api/validation/utility/is-empty.js":{"path":"/Users/ebcperez/Desktop/hbproject/api/validation/utility/is-empty.js","s":{"1":1,"2":50,"3":1},"b":{"1":[50,47,47,15,37,32]},"f":{},"fnMap":{},"statementMap":{"1":{"start":{"line":1,"column":0},"end":{"line":5,"column":61}},"2":{"start":{"line":2,"column":4},"end":{"line":5,"column":60}},"3":{"start":{"line":7,"column":0},"end":{"line":7,"column":25}}},"branchMap":{"1":{"line":2,"type":"binary-expr","locations":[{"start":{"line":2,"column":4},"end":{"line":2,"column":23}},{"start":{"line":3,"column":4},"end":{"line":3,"column":18}},{"start":{"line":4,"column":5},"end":{"line":4,"column":30}},{"start":{"line":4,"column":34},"end":{"line":4,"column":65}},{"start":{"line":5,"column":5},"end":{"line":5,"column":30}},{"start":{"line":5,"column":34},"end":{"line":5,"column":59}}]}}},"/Users/ebcperez/Desktop/hbproject/api/validation/login.js":{"path":"/Users/ebcperez/Desktop/hbproject/api/validation/login.js","s":{"1":1,"2":1,"3":1,"4":6,"5":6,"6":6,"7":6,"8":1,"9":6,"10":1,"11":6,"12":1,"13":6},"b":{"1":[5,1],"2":[5,1],"3":[1,5],"4":[1,5],"5":[1,5]},"f":{"1":6},"fnMap":{"1":{"name":"validateLoginInput","line":4,"loc":{"start":{"line":4,"column":17},"end":{"line":4,"column":51}}}},"statementMap":{"1":{"start":{"line":1,"column":0},"end":{"line":1,"column":39}},"2":{"start":{"line":2,"column":0},"end":{"line":2,"column":46}},"3":{"start":{"line":4,"column":0},"end":{"line":25,"column":2}},"4":{"start":{"line":5,"column":2},"end":{"line":5,"column":18}},"5":{"start":{"line":7,"column":2},"end":{"line":7,"column":54}},"6":{"start":{"line":8,"column":2},"end":{"line":8,"column":63}},"7":{"start":{"line":9,"column":2},"end":{"line":11,"column":3}},"8":{"start":{"line":10,"column":4},"end":{"line":10,"column":39}},"9":{"start":{"line":13,"column":2},"end":{"line":15,"column":3}},"10":{"start":{"line":14,"column":4},"end":{"line":14,"column":40}},"11":{"start":{"line":17,"column":2},"end":{"line":19,"column":3}},"12":{"start":{"line":18,"column":4},"end":{"line":18,"column":46}},"13":{"start":{"line":21,"column":2},"end":{"line":24,"column":4}}},"branchMap":{"1":{"line":7,"type":"cond-expr","locations":[{"start":{"line":7,"column":38},"end":{"line":7,"column":48}},{"start":{"line":7,"column":51},"end":{"line":7,"column":53}}]},"2":{"line":8,"type":"cond-expr","locations":[{"start":{"line":8,"column":44},"end":{"line":8,"column":57}},{"start":{"line":8,"column":60},"end":{"line":8,"column":62}}]},"3":{"line":9,"type":"if","locations":[{"start":{"line":9,"column":2},"end":{"line":9,"column":2}},{"start":{"line":9,"column":2},"end":{"line":9,"column":2}}]},"4":{"line":13,"type":"if","locations":[{"start":{"line":13,"column":2},"end":{"line":13,"column":2}},{"start":{"line":13,"column":2},"end":{"line":13,"column":2}}]},"5":{"line":17,"type":"if","locations":[{"start":{"line":17,"column":2},"end":{"line":17,"column":2}},{"start":{"line":17,"column":2},"end":{"line":17,"column":2}}]}}},"/Users/ebcperez/Desktop/hbproject/api/routes/website.js":{"path":"/Users/ebcperez/Desktop/hbproject/api/routes/website.js","s":{"1":1,"2":1,"3":1,"4":1,"5":1,"6":1,"7":1,"8":4,"9":4,"10":2,"11":2,"12":2,"13":2,"14":1,"15":1,"16":1,"17":1,"18":2,"19":1,"20":1},"b":{"1":[2,2],"2":[1,1]},"f":{},"fnMap":{},"statementMap":{"1":{"start":{"line":1,"column":0},"end":{"line":1,"column":35}},"2":{"start":{"line":2,"column":0},"end":{"line":2,"column":32}},"3":{"start":{"line":3,"column":0},"end":{"line":3,"column":39}},"4":{"start":{"line":4,"column":0},"end":{"line":4,"column":37}},"5":{"start":{"line":6,"column":0},"end":{"line":6,"column":44}},"6":{"start":{"line":9,"column":0},"end":{"line":9,"column":65}},"7":{"start":{"line":12,"column":0},"end":{"line":40,"column":2}},"8":{"start":{"line":16,"column":4},"end":{"line":16,"column":63}},"9":{"start":{"line":18,"column":4},"end":{"line":20,"column":5}},"10":{"start":{"line":19,"column":6},"end":{"line":19,"column":42}},"11":{"start":{"line":22,"column":4},"end":{"line":26,"column":6}},"12":{"start":{"line":28,"column":4},"end":{"line":38,"column":7}},"13":{"start":{"line":32,"column":6},"end":{"line":37,"column":7}},"14":{"start":{"line":33,"column":8},"end":{"line":33,"column":46}},"15":{"start":{"line":34,"column":8},"end":{"line":34,"column":44}},"16":{"start":{"line":36,"column":8},"end":{"line":36,"column":45}},"17":{"start":{"line":43,"column":0},"end":{"line":55,"column":2}},"18":{"start":{"line":49,"column":4},"end":{"line":53,"column":7}},"19":{"start":{"line":52,"column":6},"end":{"line":52,"column":44}},"20":{"start":{"line":57,"column":0},"end":{"line":57,"column":24}}},"branchMap":{"1":{"line":18,"type":"if","locations":[{"start":{"line":18,"column":4},"end":{"line":18,"column":4}},{"start":{"line":18,"column":4},"end":{"line":18,"column":4}}]},"2":{"line":32,"type":"if","locations":[{"start":{"line":32,"column":6},"end":{"line":32,"column":6}},{"start":{"line":32,"column":6},"end":{"line":32,"column":6}}]}}},"/Users/ebcperez/Desktop/hbproject/api/validation/addWebsite.js":{"path":"/Users/ebcperez/Desktop/hbproject/api/validation/addWebsite.js","s":{"1":1,"2":1,"3":1,"4":4,"5":4,"6":4,"7":4,"8":1,"9":4,"10":1,"11":4,"12":2,"13":4},"b":{"1":[3,1],"2":[3,1],"3":[1,3],"4":[1,3],"5":[2,2]},"f":{"1":4},"fnMap":{"1":{"name":"validateWebsiteInput","line":4,"loc":{"start":{"line":4,"column":17},"end":{"line":4,"column":53}}}},"statementMap":{"1":{"start":{"line":1,"column":0},"end":{"line":1,"column":39}},"2":{"start":{"line":2,"column":0},"end":{"line":2,"column":46}},"3":{"start":{"line":4,"column":0},"end":{"line":25,"column":2}},"4":{"start":{"line":5,"column":2},"end":{"line":5,"column":18}},"5":{"start":{"line":7,"column":2},"end":{"line":7,"column":51}},"6":{"start":{"line":8,"column":2},"end":{"line":8,"column":48}},"7":{"start":{"line":9,"column":2},"end":{"line":11,"column":3}},"8":{"start":{"line":10,"column":4},"end":{"line":10,"column":38}},"9":{"start":{"line":13,"column":2},"end":{"line":15,"column":3}},"10":{"start":{"line":14,"column":4},"end":{"line":14,"column":36}},"11":{"start":{"line":17,"column":2},"end":{"line":19,"column":3}},"12":{"start":{"line":18,"column":4},"end":{"line":18,"column":35}},"13":{"start":{"line":21,"column":2},"end":{"line":24,"column":4}}},"branchMap":{"1":{"line":7,"type":"cond-expr","locations":[{"start":{"line":7,"column":36},"end":{"line":7,"column":45}},{"start":{"line":7,"column":48},"end":{"line":7,"column":50}}]},"2":{"line":8,"type":"cond-expr","locations":[{"start":{"line":8,"column":34},"end":{"line":8,"column":42}},{"start":{"line":8,"column":45},"end":{"line":8,"column":47}}]},"3":{"line":9,"type":"if","locations":[{"start":{"line":9,"column":2},"end":{"line":9,"column":2}},{"start":{"line":9,"column":2},"end":{"line":9,"column":2}}]},"4":{"line":13,"type":"if","locations":[{"start":{"line":13,"column":2},"end":{"line":13,"column":2}},{"start":{"line":13,"column":2},"end":{"line":13,"column":2}}]},"5":{"line":17,"type":"if","locations":[{"start":{"line":17,"column":2},"end":{"line":17,"column":2}},{"start":{"line":17,"column":2},"end":{"line":17,"column":2}}]}}}}