TN:
SF:/Users/ebcperez/Desktop/hbproject/api/server.js
FNF:0
FNH:0
DA:1,1
DA:2,1
DA:3,1
DA:5,1
DA:6,1
DA:9,1
DA:10,1
DA:11,1
DA:14,1
DA:17,1
DA:18,1
DA:19,1
DA:20,1
DA:21,1
DA:22,1
DA:24,1
DA:26,1
LF:17
LH:17
BRDA:6,1,0,1
BRDA:6,1,1,1
BRF:2
BRH:2
end_of_record
TN:
SF:/Users/ebcperez/Desktop/hbproject/api/config/passport.js
FNF:0
FNH:0
DA:1,1
DA:2,1
DA:3,1
DA:4,1
DA:6,1
DA:7,1
DA:8,1
DA:10,1
DA:11,1
DA:13,13
DA:15,13
DA:16,13
DA:18,0
DA:20,0
LF:14
LH:12
BRDA:15,1,0,13
BRDA:15,1,1,0
BRF:2
BRH:1
end_of_record
TN:
SF:/Users/ebcperez/Desktop/hbproject/api/config/keys.js
FNF:0
FNH:0
DA:1,1
LF:1
LH:1
BRF:0
BRH:0
end_of_record
TN:
SF:/Users/ebcperez/Desktop/hbproject/api/sequelize.js
FNF:0
FNH:0
DA:1,1
DA:3,1
DA:4,1
DA:5,1
DA:7,1
DA:20,1
DA:21,1
DA:23,1
DA:25,1
DA:26,1
DA:29,1
LF:11
LH:11
BRF:0
BRH:0
end_of_record
TN:
SF:/Users/ebcperez/Desktop/hbproject/api/models/User.js
FNF:0
FNH:0
DA:1,1
DA:2,1
LF:2
LH:2
BRF:0
BRH:0
end_of_record
TN:
SF:/Users/ebcperez/Desktop/hbproject/api/models/Website.js
FNF:0
FNH:0
DA:1,1
DA:2,1
LF:2
LH:2
BRF:0
BRH:0
end_of_record
TN:
SF:/Users/ebcperez/Desktop/hbproject/api/routes/data.js
FNF:0
FNH:0
DA:1,1
DA:2,1
DA:3,1
DA:5,1
DA:7,1
DA:8,1
DA:13,1
DA:17,4
DA:18,1
DA:19,1
DA:21,3
DA:26,1
DA:30,2
DA:31,1
DA:33,1
DA:38,1
LF:16
LH:16
BRDA:17,1,0,1
BRDA:17,1,1,3
BRDA:17,2,0,4
BRDA:17,2,1,1
BRDA:30,3,0,1
BRDA:30,3,1,1
BRF:6
BRH:6
end_of_record
TN:
SF:/Users/ebcperez/Desktop/hbproject/api/routes/user.js
FNF:0
FNH:0
DA:1,1
DA:2,1
DA:3,1
DA:4,1
DA:5,1
DA:7,1
DA:8,1
DA:11,1
DA:12,1
DA:15,1
DA:16,5
DA:18,5
DA:19,2
DA:22,3
DA:27,3
DA:28,3
DA:29,3
DA:30,3
DA:33,3
DA:37,3
DA:38,1
DA:39,1
DA:41,2
DA:47,1
DA:48,6
DA:50,6
DA:51,1
DA:54,5
DA:56,5
DA:59,5
DA:61,5
DA:62,1
DA:63,1
DA:66,4
DA:69,4
DA:71,3
DA:75,3
DA:80,3
DA:87,1
DA:88,1
DA:91,0
DA:93,0
DA:97,1
DA:102,1
DA:115,1
LF:45
LH:43
BRDA:18,1,0,2
BRDA:18,1,1,3
BRDA:29,2,0,0
BRDA:29,2,1,3
BRDA:37,3,0,1
BRDA:37,3,1,2
BRDA:50,4,0,1
BRDA:50,4,1,5
BRDA:61,5,0,1
BRDA:61,5,1,4
BRDA:69,6,0,3
BRDA:69,6,1,1
BRF:12
BRH:11
end_of_record
TN:
SF:/Users/ebcperez/Desktop/hbproject/api/validation/register.js
FN:4,validateRegisterInput
FNF:1
FNH:1
FNDA:5,validateRegisterInput
DA:1,1
DA:2,1
DA:4,1
DA:5,5
DA:7,5
DA:8,5
DA:9,5
DA:11,5
DA:12,1
DA:15,5
DA:16,1
DA:19,5
DA:20,1
DA:23,5
DA:24,1
DA:27,5
DA:28,1
DA:31,5
LF:18
LH:18
BRDA:7,1,0,4
BRDA:7,1,1,1
BRDA:8,2,0,4
BRDA:8,2,1,1
BRDA:9,3,0,4
BRDA:9,3,1,1
BRDA:11,4,0,1
BRDA:11,4,1,4
BRDA:15,5,0,1
BRDA:15,5,1,4
BRDA:19,6,0,1
BRDA:19,6,1,4
BRDA:23,7,0,1
BRDA:23,7,1,4
BRDA:27,8,0,1
BRDA:27,8,1,4
BRF:16
BRH:16
end_of_record
TN:
SF:/Users/ebcperez/Desktop/hbproject/api/validation/utility/is-empty.js
FNF:0
FNH:0
DA:1,1
DA:2,50
DA:7,1
LF:3
LH:3
BRDA:2,1,0,50
BRDA:2,1,1,47
BRDA:2,1,2,47
BRDA:2,1,3,15
BRDA:2,1,4,37
BRDA:2,1,5,32
BRF:6
BRH:6
end_of_record
TN:
SF:/Users/ebcperez/Desktop/hbproject/api/validation/login.js
FN:4,validateLoginInput
FNF:1
FNH:1
FNDA:6,validateLoginInput
DA:1,1
DA:2,1
DA:4,1
DA:5,6
DA:7,6
DA:8,6
DA:9,6
DA:10,1
DA:13,6
DA:14,1
DA:17,6
DA:18,1
DA:21,6
LF:13
LH:13
BRDA:7,1,0,5
BRDA:7,1,1,1
BRDA:8,2,0,5
BRDA:8,2,1,1
BRDA:9,3,0,1
BRDA:9,3,1,5
BRDA:13,4,0,1
BRDA:13,4,1,5
BRDA:17,5,0,1
BRDA:17,5,1,5
BRF:10
BRH:10
end_of_record
TN:
SF:/Users/ebcperez/Desktop/hbproject/api/routes/website.js
FNF:0
FNH:0
DA:1,1
DA:2,1
DA:3,1
DA:4,1
DA:6,1
DA:9,1
DA:12,1
DA:16,4
DA:18,4
DA:19,2
DA:22,2
DA:28,2
DA:32,2
DA:33,1
DA:34,1
DA:36,1
DA:43,1
DA:49,2
DA:52,1
DA:57,1
LF:20
LH:20
BRDA:18,1,0,2
BRDA:18,1,1,2
BRDA:32,2,0,1
BRDA:32,2,1,1
BRF:4
BRH:4
end_of_record
TN:
SF:/Users/ebcperez/Desktop/hbproject/api/validation/addWebsite.js
FN:4,validateWebsiteInput
FNF:1
FNH:1
FNDA:4,validateWebsiteInput
DA:1,1
DA:2,1
DA:4,1
DA:5,4
DA:7,4
DA:8,4
DA:9,4
DA:10,1
DA:13,4
DA:14,1
DA:17,4
DA:18,2
DA:21,4
LF:13
LH:13
BRDA:7,1,0,3
BRDA:7,1,1,1
BRDA:8,2,0,3
BRDA:8,2,1,1
BRDA:9,3,0,1
BRDA:9,3,1,3
BRDA:13,4,0,1
BRDA:13,4,1,3
BRDA:17,5,0,2
BRDA:17,5,1,2
BRF:10
BRH:10
end_of_record
